-------------------------------------------------------------------------------
Test set: com.vytrack.runners.CukesRunner
-------------------------------------------------------------------------------
Tests run: 3, Failures: 1, Errors: 0, Skipped: 0, Time elapsed: 59.245 s <<< FAILURE! - in com.vytrack.runners.CukesRunner
driver user(Account types)  Time elapsed: 20.169 s  <<< FAILURE!
org.junit.ComparisonFailure: expected:<... Events - Activities[s]> but was:<... Events - Activities[]>

